# JRE version: OpenJDK Runtime Environment (11.0+28) (build 11+28)
# Java VM: OpenJDK 64-Bit Server VM (11+28, mixed mode, tiered, compressed oops, g1 gc, windows-amd64)
Heap:
 garbage-first heap   total 262144K, used 73621K [0x00000000e0000000, 0x0000000100000000)
  region size 1024K, 52 young (53248K), 17 survivors (17408K)
 Metaspace       used 56568K, capacity 58507K, committed 58620K, reserved 305152K
  class space    used 7573K, capacity 8262K, committed 8268K, reserved 253952K
GC Heap History (10 events):
Event: 4.343 GC heap before
{Heap before GC invocations=2 (full 0):
 garbage-first heap   total 262144K, used 53911K [0x00000000e0000000, 0x0000000100000000)
  region size 1024K, 47 young (48128K), 9 survivors (9216K)
 Metaspace       used 20618K, capacity 21114K, committed 21296K, reserved 274432K
  class space    used 2532K, capacity 2680K, committed 2688K, reserved 253952K
}
Event: 4.350 GC heap after
{Heap after GC invocations=3 (full 0):
 garbage-first heap   total 262144K, used 17646K [0x00000000e0000000, 0x0000000100000000)
  region size 1024K, 2 young (2048K), 2 survivors (2048K)
 Metaspace       used 20618K, capacity 21114K, committed 21296K, reserved 274432K
  class space    used 2532K, capacity 2680K, committed 2688K, reserved 253952K
}
Event: 5.003 GC heap before
{Heap before GC invocations=4 (full 0):
 garbage-first heap   total 262144K, used 91374K [0x00000000e0000000, 0x0000000100000000)
  region size 1024K, 74 young (75776K), 2 survivors (2048K)
 Metaspace       used 27985K, capacity 28645K, committed 28720K, reserved 280576K
  class space    used 3715K, capacity 3948K, committed 3968K, reserved 253952K
}
Event: 5.007 GC heap after
{Heap after GC invocations=5 (full 0):
 garbage-first heap   total 262144K, used 19929K [0x00000000e0000000, 0x0000000100000000)
  region size 1024K, 4 young (4096K), 4 survivors (4096K)
 Metaspace       used 27985K, capacity 28645K, committed 28720K, reserved 280576K
  class space    used 3715K, capacity 3948K, committed 3968K, reserved 253952K
}
Event: 5.567 GC heap before
{Heap before GC invocations=5 (full 0):
 garbage-first heap   total 262144K, used 74201K [0x00000000e0000000, 0x0000000100000000)
  region size 1024K, 58 young (59392K), 4 survivors (4096K)
 Metaspace       used 34713K, capacity 35609K, committed 35708K, reserved 284672K
  class space    used 4645K, capacity 4994K, committed 5068K, reserved 253952K
}
Event: 5.573 GC heap after
{Heap after GC invocations=6 (full 0):
 garbage-first heap   total 262144K, used 22705K [0x00000000e0000000, 0x0000000100000000)
  region size 1024K, 7 young (7168K), 7 survivors (7168K)
 Metaspace       used 34713K, capacity 35609K, committed 35708K, reserved 284672K
  class space    used 4645K, capacity 4994K, committed 5068K, reserved 253952K
}
Event: 6.753 GC heap before
{Heap before GC invocations=7 (full 0):
 garbage-first heap   total 262144K, used 135345K [0x00000000e0000000, 0x0000000100000000)
  region size 1024K, 114 young (116736K), 7 survivors (7168K)
 Metaspace       used 46050K, capacity 47186K, committed 47356K, reserved 294912K
  class space    used 5952K, capacity 6372K, committed 6476K, reserved 253952K
}
Event: 6.762 GC heap after
{Heap after GC invocations=8 (full 0):
 garbage-first heap   total 262144K, used 31381K [0x00000000e0000000, 0x0000000100000000)
  region size 1024K, 15 young (15360K), 15 survivors (15360K)
 Metaspace       used 46050K, capacity 47186K, committed 47356K, reserved 294912K
  class space    used 5952K, capacity 6372K, committed 6476K, reserved 253952K
}
Event: 7.825 GC heap before
{Heap before GC invocations=8 (full 0):
 garbage-first heap   total 262144K, used 164501K [0x00000000e0000000, 0x0000000100000000)
  region size 1024K, 145 young (148480K), 15 survivors (15360K)
 Metaspace       used 54231K, capacity 55917K, committed 56188K, reserved 303104K
  class space    used 7173K, capacity 7811K, committed 7884K, reserved 253952K
}
Event: 7.837 GC heap after
{Heap after GC invocations=9 (full 0):
 garbage-first heap   total 262144K, used 38805K [0x00000000e0000000, 0x0000000100000000)
  region size 1024K, 17 young (17408K), 17 survivors (17408K)
 Metaspace       used 54231K, capacity 55917K, committed 56188K, reserved 303104K
  class space    used 7173K, capacity 7811K, committed 7884K, reserved 253952K
}

